<?xml version="1.0" encoding="utf-8"?>
<TestRun id="ddb20c47-9d61-4c64-99e9-21864dd4605a" name="Emmanuel@LUG-PC-001 2022-03-23 12:29:13" runUser="LUG-PC-001\Emmanuel" xmlns="http://microsoft.com/schemas/VisualStudio/TeamTest/2010">
  <Times creation="2022-03-23T12:29:13.3094412+03:00" queuing="2022-03-23T12:29:13.3094416+03:00" start="2022-03-23T12:29:12.1451074+03:00" finish="2022-03-23T12:29:13.3173348+03:00" />
  <TestSettings name="default" id="476f8b6d-52c4-49ea-b422-18ae9c78ba71">
    <Deployment runDeploymentRoot="Emmanuel_LUG-PC-001_2022-03-23_12_29_13" />
  </TestSettings>
  <Results>
    <UnitTestResult executionId="d563ca90-7eef-44a8-880b-a79db698b01b" testId="d8e7d573-dcdd-c153-2225-5e3eba63d8db" testName="TestProject1.UnitTest1.Test1" computerName="LUG-PC-001" duration="00:00:00.0019473" startTime="2022-03-23T12:29:13.1759963+03:00" endTime="2022-03-23T12:29:13.1760555+03:00" testType="13cdc9d9-ddb5-4fa4-a97d-d965ccfc6d4b" outcome="Passed" testListId="8c84fa94-04c1-424b-9868-57a2d4851a1d" relativeResultsDirectory="d563ca90-7eef-44a8-880b-a79db698b01b" />
    <UnitTestResult executionId="753a94be-c6f5-44f2-8ad2-08bdd931dd97" testId="17fab504-c10a-79ee-fd98-7666d07a0fa2" testName="TestProject1.UnitTest1.Should_AddTwo" computerName="LUG-PC-001" duration="00:00:00.0019943" startTime="2022-03-23T12:29:13.1797698+03:00" endTime="2022-03-23T12:29:13.1797704+03:00" testType="13cdc9d9-ddb5-4fa4-a97d-d965ccfc6d4b" outcome="Passed" testListId="8c84fa94-04c1-424b-9868-57a2d4851a1d" relativeResultsDirectory="753a94be-c6f5-44f2-8ad2-08bdd931dd97" />
  </Results>
  <TestDefinitions>
    <UnitTest name="TestProject1.UnitTest1.Test1" storage="d:\dotnettest\testproject1\bin\debug\net5.0\testproject1.dll" id="d8e7d573-dcdd-c153-2225-5e3eba63d8db">
      <Execution id="d563ca90-7eef-44a8-880b-a79db698b01b" />
      <TestMethod codeBase="D:\dotnetTest\TestProject1\bin\Debug\net5.0\TestProject1.dll" adapterTypeName="executor://xunit/VsTestRunner2/netcoreapp" className="TestProject1.UnitTest1" name="Test1" />
    </UnitTest>
    <UnitTest name="TestProject1.UnitTest1.Should_AddTwo" storage="d:\dotnettest\testproject1\bin\debug\net5.0\testproject1.dll" id="17fab504-c10a-79ee-fd98-7666d07a0fa2">
      <Execution id="753a94be-c6f5-44f2-8ad2-08bdd931dd97" />
      <TestMethod codeBase="D:\dotnetTest\TestProject1\bin\Debug\net5.0\TestProject1.dll" adapterTypeName="executor://xunit/VsTestRunner2/netcoreapp" className="TestProject1.UnitTest1" name="Should_AddTwo" />
    </UnitTest>
  </TestDefinitions>
  <TestEntries>
    <TestEntry testId="d8e7d573-dcdd-c153-2225-5e3eba63d8db" executionId="d563ca90-7eef-44a8-880b-a79db698b01b" testListId="8c84fa94-04c1-424b-9868-57a2d4851a1d" />
    <TestEntry testId="17fab504-c10a-79ee-fd98-7666d07a0fa2" executionId="753a94be-c6f5-44f2-8ad2-08bdd931dd97" testListId="8c84fa94-04c1-424b-9868-57a2d4851a1d" />
  </TestEntries>
  <TestLists>
    <TestList name="Results Not in a List" id="8c84fa94-04c1-424b-9868-57a2d4851a1d" />
    <TestList name="All Loaded Results" id="19431567-8539-422a-85d7-44ee4e166bda" />
  </TestLists>
  <ResultSummary outcome="Completed">
    <Counters total="2" executed="2" passed="2" failed="0" error="0" timeout="0" aborted="0" inconclusive="0" passedButRunAborted="0" notRunnable="0" notExecuted="0" disconnected="0" warning="0" completed="0" inProgress="0" pending="0" />
    <Output>
      <StdOut>[xUnit.net 00:00:00.00] xUnit.net VSTest Adapter v2.4.3+1b45f5407b (64-bit .NET 5.0.15)&#xD;
[xUnit.net 00:00:00.39]   Discovering: TestProject1&#xD;
[xUnit.net 00:00:00.42]   Discovered:  TestProject1&#xD;
[xUnit.net 00:00:00.43]   Starting:    TestProject1&#xD;
[xUnit.net 00:00:00.50]   Finished:    TestProject1&#xD;
</StdOut>
    </Output>
  </ResultSummary>
</TestRun>