<?xml version="1.0" encoding="utf-8"?>
<TestRun id="65120c33-ecdb-466a-9c5c-8c24f7badad5" name="Emmanuel@LUG-PC-001 2022-03-23 12:28:56" runUser="LUG-PC-001\Emmanuel" xmlns="http://microsoft.com/schemas/VisualStudio/TeamTest/2010">
  <Times creation="2022-03-23T12:28:56.4923158+03:00" queuing="2022-03-23T12:28:56.4923160+03:00" start="2022-03-23T12:28:52.8004392+03:00" finish="2022-03-23T12:28:56.4981170+03:00" />
  <TestSettings name="default" id="3ef1476e-32b7-4743-8fbf-456308761bcc">
    <Deployment runDeploymentRoot="Emmanuel_LUG-PC-001_2022-03-23_12_28_56" />
  </TestSettings>
  <Results>
    <UnitTestResult executionId="c351356c-78e4-4540-a906-8fbfe9d52821" testId="17fab504-c10a-79ee-fd98-7666d07a0fa2" testName="TestProject1.UnitTest1.Should_AddTwo" computerName="LUG-PC-001" duration="00:00:00.0018005" startTime="2022-03-23T12:28:56.4181375+03:00" endTime="2022-03-23T12:28:56.4181381+03:00" testType="13cdc9d9-ddb5-4fa4-a97d-d965ccfc6d4b" outcome="Passed" testListId="8c84fa94-04c1-424b-9868-57a2d4851a1d" relativeResultsDirectory="c351356c-78e4-4540-a906-8fbfe9d52821" />
    <UnitTestResult executionId="e09916e1-aafd-47dc-8908-51d3a5832338" testId="d8e7d573-dcdd-c153-2225-5e3eba63d8db" testName="TestProject1.UnitTest1.Test1" computerName="LUG-PC-001" duration="00:00:00.0019282" startTime="2022-03-23T12:28:56.4142296+03:00" endTime="2022-03-23T12:28:56.4142947+03:00" testType="13cdc9d9-ddb5-4fa4-a97d-d965ccfc6d4b" outcome="Passed" testListId="8c84fa94-04c1-424b-9868-57a2d4851a1d" relativeResultsDirectory="e09916e1-aafd-47dc-8908-51d3a5832338" />
  </Results>
  <TestDefinitions>
    <UnitTest name="TestProject1.UnitTest1.Test1" storage="d:\dotnettest\testproject1\bin\debug\net5.0\testproject1.dll" id="d8e7d573-dcdd-c153-2225-5e3eba63d8db">
      <Execution id="e09916e1-aafd-47dc-8908-51d3a5832338" />
      <TestMethod codeBase="D:\dotnetTest\TestProject1\bin\Debug\net5.0\TestProject1.dll" adapterTypeName="executor://xunit/VsTestRunner2/netcoreapp" className="TestProject1.UnitTest1" name="Test1" />
    </UnitTest>
    <UnitTest name="TestProject1.UnitTest1.Should_AddTwo" storage="d:\dotnettest\testproject1\bin\debug\net5.0\testproject1.dll" id="17fab504-c10a-79ee-fd98-7666d07a0fa2">
      <Execution id="c351356c-78e4-4540-a906-8fbfe9d52821" />
      <TestMethod codeBase="D:\dotnetTest\TestProject1\bin\Debug\net5.0\TestProject1.dll" adapterTypeName="executor://xunit/VsTestRunner2/netcoreapp" className="TestProject1.UnitTest1" name="Should_AddTwo" />
    </UnitTest>
  </TestDefinitions>
  <TestEntries>
    <TestEntry testId="17fab504-c10a-79ee-fd98-7666d07a0fa2" executionId="c351356c-78e4-4540-a906-8fbfe9d52821" testListId="8c84fa94-04c1-424b-9868-57a2d4851a1d" />
    <TestEntry testId="d8e7d573-dcdd-c153-2225-5e3eba63d8db" executionId="e09916e1-aafd-47dc-8908-51d3a5832338" testListId="8c84fa94-04c1-424b-9868-57a2d4851a1d" />
  </TestEntries>
  <TestLists>
    <TestList name="Results Not in a List" id="8c84fa94-04c1-424b-9868-57a2d4851a1d" />
    <TestList name="All Loaded Results" id="19431567-8539-422a-85d7-44ee4e166bda" />
  </TestLists>
  <ResultSummary outcome="Completed">
    <Counters total="2" executed="2" passed="2" failed="0" error="0" timeout="0" aborted="0" inconclusive="0" passedButRunAborted="0" notRunnable="0" notExecuted="0" disconnected="0" warning="0" completed="0" inProgress="0" pending="0" />
    <Output>
      <StdOut>[xUnit.net 00:00:00.00] xUnit.net VSTest Adapter v2.4.3+1b45f5407b (64-bit .NET 5.0.15)&#xD;
[xUnit.net 00:00:02.12]   Discovering: TestProject1&#xD;
[xUnit.net 00:00:02.15]   Discovered:  TestProject1&#xD;
[xUnit.net 00:00:02.16]   Starting:    TestProject1&#xD;
[xUnit.net 00:00:02.23]   Finished:    TestProject1&#xD;
</StdOut>
    </Output>
  </ResultSummary>
</TestRun>